#
# There is insufficient memory for the Java Runtime Environment to continue.
# Native memory allocation (malloc) failed to allocate 1048576 bytes for AllocateHeap
# Possible reasons:
#   The system is out of physical RAM or swap space
#   The process is running with CompressedOops enabled, and the Java Heap may be blocking the growth of the native heap
# Possible solutions:
#   Reduce memory load on the system
#   Increase physical memory or swap space
#   Check if swap backing store is full
#   Decrease Java heap size (-Xmx/-Xms)
#   Decrease number of Java threads
#   Decrease Java thread stack sizes (-Xss)
#   Set larger code cache with -XX:ReservedCodeCacheSize=
#   JVM is running with Unscaled Compressed Oops mode in which the Java heap is
#     placed in the first 4GB address space. The Java Heap base address is the
#     maximum limit for the native heap growth. Please use -XX:HeapBaseMinAddress
#     to set the Java Heap base and to place the Java Heap above 4GB virtual address.
# This output file may be truncated or incomplete.
#
#  Out of Memory Error (memory/allocation.inline.hpp:61), pid=35268, tid=0x000000000000a3e8
#
# JRE version:  (8.0_361) (build )
# Java VM: Java HotSpot(TM) 64-Bit Server VM (25.361-b09 mixed mode windows-amd64 compressed oops)
# Failed to write core dump. Minidumps are not enabled by default on client versions of Windows
#

---------------  T H R E A D  ---------------

Current thread (0x00000185bb650800):  JavaThread "Unknown thread" [_thread_in_vm, id=41960, stack(0x0000006c35900000,0x0000006c35a00000)]

Stack: [0x0000006c35900000,0x0000006c35a00000]
Native frames: (J=compiled Java code, j=interpreted, Vv=VM code, C=native code)
V  [jvm.dll+0x3317a9]
V  [jvm.dll+0x277c4e]
V  [jvm.dll+0x27888d]
V  [jvm.dll+0x26f0d5]
V  [jvm.dll+0x509d]
V  [jvm.dll+0x3cca9c]
V  [jvm.dll+0x3c8e07]
V  [jvm.dll+0xfd0df]
V  [jvm.dll+0x20c29b]
V  [jvm.dll+0x23adc7]
V  [jvm.dll+0x1637b6]
C  [javaw.exe+0x2322]
C  [javaw.exe+0x16544]
C  [KERNEL32.DLL+0x155a0]
C  [ntdll.dll+0x485b]


---------------  P R O C E S S  ---------------

Java Threads: ( => current thread )

Other Threads:

=>0x00000185bb650800 (exited) JavaThread "Unknown thread" [_thread_in_vm, id=41960, stack(0x0000006c35900000,0x0000006c35a00000)]

VM state:not at safepoint (normal execution)

VM Mutex/Monitor currently owned by a thread: None

heap address: 0x0000000082800000, size: 2008 MB, Compressed Oops mode: 32-bit
Narrow klass base: 0x0000000000000000, Narrow klass shift: 3
Compressed class space size: 1073741824 Address: 0x0000000100000000

Heap:
 PSYoungGen      total 37888K, used 655K [0x00000000d6300000, 0x00000000d8d00000, 0x0000000100000000)
  eden space 32768K, 2% used [0x00000000d6300000,0x00000000d63a3d80,0x00000000d8300000)
  from space 5120K, 0% used [0x00000000d8800000,0x00000000d8800000,0x00000000d8d00000)
  to   space 5120K, 0% used [0x00000000d8300000,0x00000000d8300000,0x00000000d8800000)
 ParOldGen       total 86016K, used 0K [0x0000000082800000, 0x0000000087c00000, 0x00000000d6300000)
  object space 86016K, 0% used [0x0000000082800000,0x0000000082800000,0x0000000087c00000)
 Metaspace       used 751K, capacity 4480K, committed 4480K, reserved 1056768K
  class space    used 76K, capacity 384K, committed 384K, reserved 1048576K

Card table byte_map: [0x00000185cc3a0000,0x00000185cc790000] byte_map_base: 0x00000185cbf8c000

Marking Bits: (ParMarkBitMap*) 0x0000000056a4b090
 Begin Bits: [0x00000185cca30000, 0x00000185ce990000)
 End Bits:   [0x00000185ce990000, 0x00000185d08f0000)

Polling page: 0x00000185bb740000

CodeCache: size=245760Kb used=329Kb max_used=329Kb free=245430Kb
 bounds [0x00000185bcfe0000, 0x00000185bd250000, 0x00000185cbfe0000]
 total_blobs=58 nmethods=0 adapters=38
 compilation: enabled

Compilation events (0 events):
No events

GC Heap History (0 events):
No events

Deoptimization events (0 events):
No events

Classes redefined (0 events):
No events

Internal exceptions (0 events):
No events

Events (10 events):
Event: 0.068 loading class java/lang/Short
Event: 0.068 loading class java/lang/Short done
Event: 0.068 loading class java/lang/Integer
Event: 0.068 loading class java/lang/Integer done
Event: 0.068 loading class java/lang/Long
Event: 0.068 loading class java/lang/Long done
Event: 0.069 loading class java/lang/NullPointerException
Event: 0.069 loading class java/lang/NullPointerException done
Event: 0.069 loading class java/lang/ArithmeticException
Event: 0.069 loading class java/lang/ArithmeticException done


Dynamic libraries:
0x00007ff7b0810000 - 0x00007ff7b0857000 	C:\Program Files\Java\jre1.8.0_361\bin\javaw.exe
0x00007ff84c300000 - 0x00007ff84c509000 	C:\WINDOWS\SYSTEM32\ntdll.dll
0x00007ff84ab10000 - 0x00007ff84abce000 	C:\WINDOWS\System32\KERNEL32.DLL
0x00007ff849940000 - 0x00007ff849cbb000 	C:\WINDOWS\System32\KERNELBASE.dll
0x00007ff84bee0000 - 0x00007ff84bf8e000 	C:\WINDOWS\System32\ADVAPI32.dll
0x00007ff84aa30000 - 0x00007ff84aad3000 	C:\WINDOWS\System32\msvcrt.dll
0x00007ff84be40000 - 0x00007ff84bede000 	C:\WINDOWS\System32\sechost.dll
0x00007ff84a630000 - 0x00007ff84a750000 	C:\WINDOWS\System32\RPCRT4.dll
0x00007ff84c110000 - 0x00007ff84c2bd000 	C:\WINDOWS\System32\USER32.dll
0x00007ff849cc0000 - 0x00007ff849ce6000 	C:\WINDOWS\System32\win32u.dll
0x00007ff84aae0000 - 0x00007ff84ab09000 	C:\WINDOWS\System32\GDI32.dll
0x00007ff849cf0000 - 0x00007ff849e08000 	C:\WINDOWS\System32\gdi32full.dll
0x00007ff849f30000 - 0x00007ff849fcd000 	C:\WINDOWS\System32\msvcp_win.dll
0x00007ff849e10000 - 0x00007ff849f21000 	C:\WINDOWS\System32\ucrtbase.dll
0x00007ff82edd0000 - 0x00007ff82f075000 	C:\WINDOWS\WinSxS\amd64_microsoft.windows.common-controls_6595b64144ccf1df_6.0.22000.120_none_9d947278b86cc467\COMCTL32.dll
0x00007ff84ba20000 - 0x00007ff84ba52000 	C:\WINDOWS\System32\IMM32.DLL
0x00007ff83a360000 - 0x00007ff83a375000 	C:\Program Files\Java\jre1.8.0_361\bin\vcruntime140.dll
0x00007ff8390d0000 - 0x00007ff83916b000 	C:\Program Files\Java\jre1.8.0_361\bin\msvcp140.dll
0x0000000056260000 - 0x0000000056ac3000 	C:\Program Files\Java\jre1.8.0_361\bin\server\jvm.dll
0x00007ff84a2a0000 - 0x00007ff84a2a8000 	C:\WINDOWS\System32\PSAPI.DLL
0x00007ff841990000 - 0x00007ff8419c3000 	C:\WINDOWS\SYSTEM32\WINMM.dll
0x00007ff83a400000 - 0x00007ff83a40a000 	C:\WINDOWS\SYSTEM32\VERSION.dll
0x00007ff838b50000 - 0x00007ff838b59000 	C:\WINDOWS\SYSTEM32\WSOCK32.dll
0x00007ff84bfb0000 - 0x00007ff84c01f000 	C:\WINDOWS\System32\WS2_32.dll
0x00007ff848850000 - 0x00007ff848868000 	C:\WINDOWS\SYSTEM32\kernel.appcore.dll
0x00007ff8219e0000 - 0x00007ff8219f0000 	C:\Program Files\Java\jre1.8.0_361\bin\verify.dll
0x00007ff80ac70000 - 0x00007ff80ac9b000 	C:\Program Files\Java\jre1.8.0_361\bin\java.dll
0x00007ff80ac50000 - 0x00007ff80ac68000 	C:\Program Files\Java\jre1.8.0_361\bin\zip.dll
0x00007ff847420000 - 0x00007ff847641000 	C:\WINDOWS\SYSTEM32\dbghelp.dll
0x00007ff84a100000 - 0x00007ff84a17f000 	C:\WINDOWS\System32\bcryptPrimitives.dll

VM Arguments:
jvm_args: -Dfile.encoding=UTF-8 
java_command: ¡¶æÓπÆ.¿Œ±‚≈ı«•
java_class_path (initial): C:\Users\«—¥Ÿºÿ\eclipse-workspace\java04\bin
Launcher Type: SUN_STANDARD

Environment Variables:
PATH=C:/Program Files/Java/jre1.8.0_361/bin/server;C:/Program Files/Java/jre1.8.0_361/bin;C:/Program Files/Java/jre1.8.0_361/lib/amd64;C:\Program Files (x86)\Common Files\Oracle\Java\javapath;C:\WINDOWS\system32;C:\WINDOWS;C:\WINDOWS\System32\Wbem;C:\WINDOWS\System32\WindowsPowerShell\v1.0\;C:\WINDOWS\System32\OpenSSH\;C:\Users\«—¥Ÿºÿ\AppData\Local\Microsoft\WindowsApps;C:\Program Files\Bandizip\;;C:\Users\«—¥Ÿºÿ\AppData\Local\Programs\Microsoft VS Code\bin;C:\Users\«—¥Ÿºÿ\OneDrive\πŸ≈¡ »≠∏È\eclipse;
USERNAME=«—¥Ÿºÿ
OS=Windows_NT
PROCESSOR_IDENTIFIER=Intel64 Family 6 Model 142 Stepping 10, GenuineIntel



---------------  S Y S T E M  ---------------

OS: Windows 11 , 64 bit Build 22000 (10.0.22000.1335)

CPU:total 8 (initial active 8) (4 cores per cpu, 2 threads per core) family 6 model 142 stepping 10, cmov, cx8, fxsr, mmx, sse, sse2, sse3, ssse3, sse4.1, sse4.2, popcnt, avx, avx2, aes, clmul, erms, 3dnowpref, lzcnt, ht, tsc, tscinvbit, bmi1, bmi2, adx

Memory: 4k page, physical 8217872k(899024k free), swap 33383696k(4152k free)

vm_info: Java HotSpot(TM) 64-Bit Server VM (25.361-b09) for windows-amd64 JRE (1.8.0_361-b09), built on Jan  9 2023 08:38:53 by "java_re" with MS VC++ 15.9 (VS2017)

time: Thu Feb  9 14:53:41 2023
timezone: Intel64 Family 6 Model 142 Stepping 10, GenuineIntel
elapsed time: 0.123157 seconds (0d 0h 0m 0s)

